<?xml version="1.0" encoding="UTF-8"?>
<testng-results ignored="0" total="1" passed="1" failed="0" skipped="0">
  <reporter-output>
    <line>
      <![CDATA[openBrowser]]>
    </line>
    <line>
      <![CDATA[login]]>
    </line>
    <line>
      <![CDATA[CreateCustomer]]>
    </line>
    <line>
      <![CDATA[logOut]]>
    </line>
    <line>
      <![CDATA[closeBrowser]]>
    </line>
  </reporter-output>
  <suite started-at="2023-03-30T11:25:13 IST" name="Default suite" finished-at="2023-03-30T11:25:34 IST" duration-ms="21373">
    <groups>
    </groups>
    <test started-at="2023-03-30T11:25:13 IST" name="Default test" finished-at="2023-03-30T11:25:34 IST" duration-ms="21373">
      <class name="com.actitime.testscript.CustomerModule">
        <test-method is-config="true" signature="openBrowser()[pri:0, instance:com.actitime.testscript.CustomerModule@4d465b11]" started-at="2023-03-30T11:25:13 IST" name="openBrowser" finished-at="2023-03-30T11:25:16 IST" duration-ms="2570" status="PASS">
          <reporter-output>
            <line>
              <![CDATA[openBrowser]]>
            </line>
          </reporter-output>
        </test-method> <!-- openBrowser -->
        <test-method is-config="true" signature="logIn()[pri:0, instance:com.actitime.testscript.CustomerModule@4d465b11]" started-at="2023-03-30T11:25:16 IST" name="logIn" finished-at="2023-03-30T11:25:24 IST" duration-ms="8759" status="PASS">
          <reporter-output>
            <line>
              <![CDATA[login]]>
            </line>
          </reporter-output>
        </test-method> <!-- logIn -->
        <test-method signature="testCreateCustomer()[pri:0, instance:com.actitime.testscript.CustomerModule@4d465b11]" started-at="2023-03-30T11:25:24 IST" name="testCreateCustomer" finished-at="2023-03-30T11:25:32 IST" duration-ms="7365" status="PASS">
          <reporter-output>
            <line>
              <![CDATA[CreateCustomer]]>
            </line>
          </reporter-output>
        </test-method> <!-- testCreateCustomer -->
        <test-method is-config="true" signature="logOut()[pri:0, instance:com.actitime.testscript.CustomerModule@4d465b11]" started-at="2023-03-30T11:25:32 IST" name="logOut" finished-at="2023-03-30T11:25:34 IST" duration-ms="2239" status="PASS">
          <reporter-output>
            <line>
              <![CDATA[logOut]]>
            </line>
          </reporter-output>
        </test-method> <!-- logOut -->
        <test-method is-config="true" signature="closeBrowser()[pri:0, instance:com.actitime.testscript.CustomerModule@4d465b11]" started-at="2023-03-30T11:25:34 IST" name="closeBrowser" finished-at="2023-03-30T11:25:34 IST" duration-ms="414" status="PASS">
          <reporter-output>
            <line>
              <![CDATA[closeBrowser]]>
            </line>
          </reporter-output>
        </test-method> <!-- closeBrowser -->
      </class> <!-- com.actitime.testscript.CustomerModule -->
    </test> <!-- Default test -->
  </suite> <!-- Default suite -->
</testng-results>
